
Tue May  7 22:57:59 CST 2013
./tools/streamprocess.x './txl/java-rename-blind-functions.x stdin' < examples/JHotDraw54b1/_functions.xml > examples/JHotDraw54b1/_functions-blind.xml

real	0m1.085s
user	0m0.424s
sys	0m0.500s

Tue May  7 22:58:00 CST 2013

Tue May  7 22:58:00 CST 2013
./tools/streamprocess.x './txl/java-abstract-functions.x stdin - literal' < examples/JHotDraw54b1/_functions-blind.xml > examples/JHotDraw54b1/_functions-blind-abstract.xml

real	0m1.192s
user	0m0.552s
sys	0m0.468s

Tue May  7 22:58:01 CST 2013

Tue May  7 22:58:01 CST 2013
./tools/clonepairs.x examples/JHotDraw54b1/_functions-blind-abstract.xml 0.35 15 2500 > examples/JHotDraw54b1/_functions-blind-abstract-clones/_functions-blind-abstract-clones-0.35.xml
Processing examples/JHotDraw54b1/_functions-blind-abstract.xml with difference threshold 35%, clone size 15 .. 2500 lines
Reading pcs ... done.
Total 2886/7500000 potential clones of 15 lines or more
Used 4331/125000000 total pc lines
Used 395169/750000000 unique line text chars
 and 4868/15000000 unique lines
Sorting pcs . done.
Finding clones .. done.
Total 9446 pc comparisons
Pruning embedded clone pairs . done.
Pruned 0 embedded clone pairs
Found 19 clone pairs
Generating XML output . done.


real	0m0.195s
user	0m0.032s
sys	0m0.088s

Tue May  7 22:58:01 CST 2013

