
Tue May  7 22:57:52 CST 2013
./tools/clonepairs.x examples/JHotDraw54b1/_functions.xml 0.3 10 2500 > examples/JHotDraw54b1/_functions-clones/_functions-clones-0.3.xml
Processing examples/JHotDraw54b1/_functions.xml with difference threshold 30%, clone size 10 .. 2500 lines
Reading pcs ... done.
Total 2886/7500000 potential clones of 10 lines or more
Used 6807/125000000 total pc lines
Used 682230/750000000 unique line text chars
 and 11025/15000000 unique lines
Sorting pcs . done.
Finding clones .. done.
Total 39527 pc comparisons
Pruning embedded clone pairs . done.
Pruned 0 embedded clone pairs
Found 41 clone pairs
Generating XML output . done.


real	0m0.433s
user	0m0.028s
sys	0m0.176s

Tue May  7 22:57:53 CST 2013

Tue May  7 22:57:53 CST 2013
./tools/cloneclasses.x examples/JHotDraw54b1/_functions-clones/_functions-clones-0.3.xml > examples/JHotDraw54b1/_functions-clones/_functions-clones-0.3-classes.xml
Processing examples/JHotDraw54b1/_functions-clones/_functions-clones-0.3.xml
Reading clone pairs . done.
Total 41 pairs
Computing classes  done.
Clustered clone pairs into 24 classes
Generating XML output . done.


real	0m0.116s
user	0m0.008s
sys	0m0.084s

Tue May  7 22:57:53 CST 2013

