Tue Dec 18 14:35:39 CST 2012
./txl/java-extract-functions.x -s 400 ALL.java >> examples/JHotDraw54b1/_functions.xml

Tue Dec 18 14:35:43 CST 2012

Tue Dec 18 14:35:43 CST 2012
./tools/clonepairs.x examples/JHotDraw54b1/_functions.xml 0.3 10 2500 > examples/JHotDraw54b1/_functions-clones/_functions-clones-0.3.xml
Processing examples/JHotDraw54b1/_functions.xml with difference threshold 30%, clone size 10 .. 2500 lines
Reading pcs ... done.
Total 2886/7500000 potential clones of 10 lines or more
Used 6807/125000000 total pc lines
Used 682230/750000000 unique line text chars
 and 11025/15000000 unique lines
Sorting pcs . done.
Finding clones .. done.
Total 39527 pc comparisons
Pruning embedded clone pairs . done.
Pruned 0 embedded clone pairs
Found 41 clone pairs
Generating XML output . done.


real	0m0.100s
user	0m0.022s
sys	0m0.012s

Tue Dec 18 14:35:44 CST 2012

Tue Dec 18 14:35:44 CST 2012
./tools/cloneclasses.x examples/JHotDraw54b1/_functions-clones/_functions-clones-0.3.xml > examples/JHotDraw54b1/_functions-clones/_functions-clones-0.3-classes.xml
Processing examples/JHotDraw54b1/_functions-clones/_functions-clones-0.3.xml
Reading clone pairs . done.
Total 41 pairs
Computing classes  done.
Clustered clone pairs into 24 classes
Generating XML output . done.


real	0m0.017s
user	0m0.004s
sys	0m0.012s

Tue Dec 18 14:35:44 CST 2012

